{"numFailedTestSuites":0,"numFailedTests":0,"numPassedTestSuites":14,"numPassedTests":126,"numPendingTestSuites":0,"numPendingTests":10,"numRuntimeErrorTestSuites":0,"numTodoTests":0,"numTotalTestSuites":14,"numTotalTests":136,"openHandles":[],"snapshot":{"added":0,"didUpdate":false,"failure":false,"filesAdded":0,"filesRemoved":0,"filesRemovedList":[],"filesUnmatched":0,"filesUpdated":0,"matched":0,"total":0,"unchecked":0,"uncheckedKeysByFile":[],"unmatched":0,"updated":0},"startTime":1786762568620,"success":true,"testResults":[{"assertionResults":[{"ancestorTitles":["FG01 - Student Profile Update"],"failureMessages":[],"fullName":"FG01 - Student Profile Update TC_PROF_01: update valid phone number -> success message and saved to DB","location":null,"status":"passed","title":"TC_PROF_01: update valid phone number -> success message and saved to DB"},{"ancestorTitles":["FG01 - Student Profile Update"],"failureMessages":[],"fullName":"FG01 - Student Profile Update TC_PROF_02: email is displayed correctly but is read-only","location":null,"status":"passed","title":"TC_PROF_02: email is displayed correctly but is read-only"},{"ancestorTitles":["FG01 - Student Profile Update"],"failureMessages":[],"fullName":"FG01 - Student Profile Update TC_PROF_03: update permanent address -> saves successfully","location":null,"status":"passed","title":"TC_PROF_03: update permanent address -> saves successfully"},{"ancestorTitles":["FG01 - Student Profile Update"],"failureMessages":[],"fullName":"FG01 - Student Profile Update TC_PROF_04: emergency contact field not implemented in current form","location":null,"status":"passed","title":"TC_PROF_04: emergency contact field not implemented in current form"},{"ancestorTitles":["FG01 - Student Profile Update"],"failureMessages":[],"fullName":"FG01 - Student Profile Update TC_PROF_05: enter phone number \"09abc12345\" -> system reports invalid error, DOES NOT save","location":null,"status":"pending","title":"TC_PROF_05: enter phone number \"09abc12345\" -> system reports invalid error, DOES NOT save"},{"ancestorTitles":["FG01 - Student Profile Update"],"failureMessages":[],"fullName":"FG01 - Student Profile Update TC_PROF_06: enter phone number \"09123\" (5 digits) -> reports error \"must be 10 digits\", DOES NOT save","location":null,"status":"pending","title":"TC_PROF_06: enter phone number \"09123\" (5 digits) -> reports error \"must be 10 digits\", DOES NOT save"},{"ancestorTitles":["FG01 - Student Profile Update"],"failureMessages":[],"fullName":"FG01 - Student Profile Update TC_PROF_07: email read-only -> no input to enter invalid email","location":null,"status":"passed","title":"TC_PROF_07: email read-only -> no input to enter invalid email"},{"ancestorTitles":["FG01 - Student Profile Update"],"failureMessages":[],"fullName":"FG01 - Student Profile Update TC_PROF_08: email read-only -> case missing domain not applicable","location":null,"status":"passed","title":"TC_PROF_08: email read-only -> case missing domain not applicable"},{"ancestorTitles":["FG01 - Student Profile Update"],"failureMessages":[],"fullName":"FG01 - Student Profile Update TC_PROF_09: current email always has value, cannot be empty (read-only)","location":null,"status":"passed","title":"TC_PROF_09: current email always has value, cannot be empty (read-only)"},{"ancestorTitles":["FG01 - Student Profile Update"],"failureMessages":[],"fullName":"FG01 - Student Profile Update TC_PROF_10: leave phone empty -> form prevents submit or displays error \"cannot be empty\"","location":null,"status":"pending","title":"TC_PROF_10: leave phone empty -> form prevents submit or displays error \"cannot be empty\""},{"ancestorTitles":["FG01 - Student Profile Update"],"failureMessages":[],"fullName":"FG01 - Student Profile Update TC_PROF_11: emergency contact not present -> pending implementation","location":null,"status":"passed","title":"TC_PROF_11: emergency contact not present -> pending implementation"},{"ancestorTitles":["FG01 - Student Profile Update"],"failureMessages":[],"fullName":"FG01 - Student Profile Update TC_PROF_12: enter exactly 10 digit phone number -> system accepts and saves","location":null,"status":"passed","title":"TC_PROF_12: enter exactly 10 digit phone number -> system accepts and saves"},{"ancestorTitles":["FG01 - Student Profile Update"],"failureMessages":[],"fullName":"FG01 - Student Profile Update TC_PROF_13: enter 11 digit phone number \"01234567891\" -> system rejects or truncates","location":null,"status":"pending","title":"TC_PROF_13: enter 11 digit phone number \"01234567891\" -> system rejects or truncates"},{"ancestorTitles":["FG01 - Student Profile Update"],"failureMessages":[],"fullName":"FG01 - Student Profile Update TC_PROF_14: email read-only -> boundary 255 chars not applicable in form","location":null,"status":"passed","title":"TC_PROF_14: email read-only -> boundary 255 chars not applicable in form"},{"ancestorTitles":["FG01 - Student Profile Update"],"failureMessages":[],"fullName":"FG01 - Student Profile Update TC_PROF_15: email read-only -> boundary >255 chars not applicable in form","location":null,"status":"passed","title":"TC_PROF_15: email read-only -> boundary >255 chars not applicable in form"},{"ancestorTitles":["FG01 - Student Profile Update"],"failureMessages":[],"fullName":"FG01 - Student Profile Update TC_PROF_16: enter address with special chars -> system accepts","location":null,"status":"passed","title":"TC_PROF_16: enter address with special chars -> system accepts"},{"ancestorTitles":["FG01 - Student Profile Update"],"failureMessages":[],"fullName":"FG01 - Student Profile Update TC_PROF_17: update multiple fields simultaneously -> all saved successfully","location":null,"status":"passed","title":"TC_PROF_17: update multiple fields simultaneously -> all saved successfully"},{"ancestorTitles":["FG01 - Student Profile Update"],"failureMessages":[],"fullName":"FG01 - Student Profile Update TC_PROF_18: enter new info then click Cancel -> system does NOT save, restores old data","location":null,"status":"passed","title":"TC_PROF_18: enter new info then click Cancel -> system does NOT save, restores old data"}],"endTime":1786762575479,"message":"","name":"D:\\ki_6\\SE\\PA5\\Software-Engineering---Group-6-Khoi-dev (1)\\Software-Engineering---Group-6-Khoi-dev\\src\\frontend\\src\\tests\\fg01-profile-management\\student-profile-update\\StudentProfileUpdate.test.tsx","startTime":1786762568672,"status":"passed","summary":""},{"assertionResults":[{"ancestorTitles":["FG06 - Centralized FAQ Access"],"failureMessages":[],"fullName":"FG06 - Centralized FAQ Access TC_FAQ_01: enter appeal -> displays list of related FAQs, sorted by relevance","location":null,"status":"passed","title":"TC_FAQ_01: enter appeal -> displays list of related FAQs, sorted by relevance"},{"ancestorTitles":["FG06 - Centralized FAQ Access"],"failureMessages":[],"fullName":"FG06 - Centralized FAQ Access TC_FAQ_02: enter tuition -> displays multiple related FAQs, with number of results","location":null,"status":"passed","title":"TC_FAQ_02: enter tuition -> displays multiple related FAQs, with number of results"},{"ancestorTitles":["FG06 - Centralized FAQ Access"],"failureMessages":[],"fullName":"FG06 - Centralized FAQ Access TC_FAQ_03: enter highly specific keyword VietinBank transaction code -> exactly 1 FAQ returned","location":null,"status":"passed","title":"TC_FAQ_03: enter highly specific keyword VietinBank transaction code -> exactly 1 FAQ returned"},{"ancestorTitles":["FG06 - Centralized FAQ Access"],"failureMessages":[],"fullName":"FG06 - Centralized FAQ Access TC_FAQ_04: enter xyz_khong_ton_tai_abc -> displays No results found","location":null,"status":"passed","title":"TC_FAQ_04: enter xyz_khong_ton_tai_abc -> displays No results found"},{"ancestorTitles":["FG06 - Centralized FAQ Access"],"failureMessages":[],"fullName":"FG06 - Centralized FAQ Access TC_FAQ_05: enter special chars !@#$%^&*() -> system accepts, likely returns 0 results","location":null,"status":"passed","title":"TC_FAQ_05: enter special chars !@#$%^&*() -> system accepts, likely returns 0 results"},{"ancestorTitles":["FG06 - Centralized FAQ Access"],"failureMessages":[],"fullName":"FG06 - Centralized FAQ Access TC_FAQ_06: enter empty keyword or only spaces -> prevents search, asks for valid keyword","location":null,"status":"passed","title":"TC_FAQ_06: enter empty keyword or only spaces -> prevents search, asks for valid keyword"},{"ancestorTitles":["FG06 - Centralized FAQ Access"],"failureMessages":[],"fullName":"FG06 - Centralized FAQ Access TC_FAQ_07: enter keyword a -> prevents search, asks for longer keyword","location":null,"status":"passed","title":"TC_FAQ_07: enter keyword a -> prevents search, asks for longer keyword"},{"ancestorTitles":["FG06 - Centralized FAQ Access"],"failureMessages":[],"fullName":"FG06 - Centralized FAQ Access TC_FAQ_08: enter keyword IT -> search executes normally","location":null,"status":"passed","title":"TC_FAQ_08: enter keyword IT -> search executes normally"},{"ancestorTitles":["FG06 - Centralized FAQ Access"],"failureMessages":[],"fullName":"FG06 - Centralized FAQ Access TC_FAQ_09: enter exactly 255 characters -> search executes normally","location":null,"status":"passed","title":"TC_FAQ_09: enter exactly 255 characters -> search executes normally"},{"ancestorTitles":["FG06 - Centralized FAQ Access"],"failureMessages":[],"fullName":"FG06 - Centralized FAQ Access TC_FAQ_10: enter > 255 characters -> system truncates or rejects","location":null,"status":"passed","title":"TC_FAQ_10: enter > 255 characters -> system truncates or rejects"},{"ancestorTitles":["FG06 - Centralized FAQ Access"],"failureMessages":[],"fullName":"FG06 - Centralized FAQ Access TC_FAQ_11: select category Tuition & Scholarships -> only displays FAQs from this category","location":null,"status":"passed","title":"TC_FAQ_11: select category Tuition & Scholarships -> only displays FAQs from this category"},{"ancestorTitles":["FG06 - Centralized FAQ Access"],"failureMessages":[],"fullName":"FG06 - Centralized FAQ Access TC_FAQ_12: enter keyword in Tuition category -> combines both filters","location":null,"status":"passed","title":"TC_FAQ_12: enter keyword in Tuition category -> combines both filters"},{"ancestorTitles":["FG06 - Centralized FAQ Access"],"failureMessages":[],"fullName":"FG06 - Centralized FAQ Access TC_FAQ_13: initial page load -> displays Popular FAQs section","location":null,"status":"passed","title":"TC_FAQ_13: initial page load -> displays Popular FAQs section"},{"ancestorTitles":["FG06 - Centralized FAQ Access"],"failureMessages":[],"fullName":"FG06 - Centralized FAQ Access TC_FAQ_14: click on a FAQ -> navigates to FAQ detail page or opens modal with answer","location":null,"status":"passed","title":"TC_FAQ_14: click on a FAQ -> navigates to FAQ detail page or opens modal with answer"},{"ancestorTitles":["FG06 - Centralized FAQ Access"],"failureMessages":[],"fullName":"FG06 - Centralized FAQ Access TC_FAQ_15: click Yes on Was this helpful -> increments Helpful count, saves locally","location":null,"status":"passed","title":"TC_FAQ_15: click Yes on Was this helpful -> increments Helpful count, saves locally"},{"ancestorTitles":["FG06 - Centralized FAQ Access"],"failureMessages":[],"fullName":"FG06 - Centralized FAQ Access TC_FAQ_16: click No on Was this helpful -> displays feedback form to collect reasons","location":null,"status":"passed","title":"TC_FAQ_16: click No on Was this helpful -> displays feedback form to collect reasons"},{"ancestorTitles":["FG06 - Centralized FAQ Access"],"failureMessages":[],"fullName":"FG06 - Centralized FAQ Access TC_FAQ_17: click Yes, then reload and view again -> Yes button is disabled/highlighted","location":null,"status":"passed","title":"TC_FAQ_17: click Yes, then reload and view again -> Yes button is disabled/highlighted"},{"ancestorTitles":["FG06 - Centralized FAQ Access"],"failureMessages":[],"fullName":"FG06 - Centralized FAQ Access TC_FAQ_18: click Next Page -> loads page 2 of search results","location":null,"status":"passed","title":"TC_FAQ_18: click Next Page -> loads page 2 of search results"},{"ancestorTitles":["FG06 - Centralized FAQ Access"],"failureMessages":[],"fullName":"FG06 - Centralized FAQ Access TC_FAQ_19: enter script alert 1 -> input is sanitized, no XSS executed","location":null,"status":"passed","title":"TC_FAQ_19: enter script alert 1 -> input is sanitized, no XSS executed"},{"ancestorTitles":["FG06 - Centralized FAQ Access"],"failureMessages":[],"fullName":"FG06 - Centralized FAQ Access TC_FAQ_20: view details then click Back -> returns to search list retaining keywords","location":null,"status":"passed","title":"TC_FAQ_20: view details then click Back -> returns to search list retaining keywords"}],"endTime":1786762581388,"message":"","name":"D:\\ki_6\\SE\\PA5\\Software-Engineering---Group-6-Khoi-dev (1)\\Software-Engineering---Group-6-Khoi-dev\\src\\frontend\\src\\tests\\fg06-support-faq\\centralized-faq-access\\FAQAccess.test.tsx","startTime":1786762575535,"status":"passed","summary":""},{"assertionResults":[{"ancestorTitles":["FG04 - Timetable & Exam Schedule"],"failureMessages":[],"fullName":"FG04 - Timetable & Exam Schedule TC_TKB_01: go to Timetable -> displays timetable grid (Mon-Sat), correct day headers","location":null,"status":"passed","title":"TC_TKB_01: go to Timetable -> displays timetable grid (Mon-Sat), correct day headers"},{"ancestorTitles":["FG04 - Timetable & Exam Schedule"],"failureMessages":[],"fullName":"FG04 - Timetable & Exam Schedule TC_TKB_02: fetches data from correct API endpoints for student","location":null,"status":"passed","title":"TC_TKB_02: fetches data from correct API endpoints for student"},{"ancestorTitles":["FG04 - Timetable & Exam Schedule"],"failureMessages":[],"fullName":"FG04 - Timetable & Exam Schedule TC_TKB_03: getTimeSlot helper returns correct time for each period","location":null,"status":"passed","title":"TC_TKB_03: getTimeSlot helper returns correct time for each period"},{"ancestorTitles":["FG04 - Timetable & Exam Schedule"],"failureMessages":[],"fullName":"FG04 - Timetable & Exam Schedule TC_TKB_04: student has not registered for HKIII courses -> empty timetable for HKIII","location":null,"status":"passed","title":"TC_TKB_04: student has not registered for HKIII courses -> empty timetable for HKIII"},{"ancestorTitles":["FG04 - Timetable & Exam Schedule"],"failureMessages":[],"fullName":"FG04 - Timetable & Exam Schedule TC_TKB_05: 2 courses both on Tuesday same period -> detects schedule conflict","location":null,"status":"passed","title":"TC_TKB_05: 2 courses both on Tuesday same period -> detects schedule conflict"},{"ancestorTitles":["FG04 - Timetable & Exam Schedule"],"failureMessages":[],"fullName":"FG04 - Timetable & Exam Schedule TC_TKB_05: no schedule conflict -> returns false","location":null,"status":"passed","title":"TC_TKB_05: no schedule conflict -> returns false"},{"ancestorTitles":["FG04 - Timetable & Exam Schedule"],"failureMessages":[],"fullName":"FG04 - Timetable & Exam Schedule TC_TKB_06: HKIII displays registered courses with schedule details","location":null,"status":"passed","title":"TC_TKB_06: HKIII displays registered courses with schedule details"},{"ancestorTitles":["FG04 - Timetable & Exam Schedule"],"failureMessages":[],"fullName":"FG04 - Timetable & Exam Schedule TC_TKB_07: switching to HKI shows completed courses with grade info","location":null,"status":"passed","title":"TC_TKB_07: switching to HKI shows completed courses with grade info"},{"ancestorTitles":["FG04 - Timetable & Exam Schedule"],"failureMessages":[],"fullName":"FG04 - Timetable & Exam Schedule TC_TKB_08: HKI detailed timetable displays Score and Grade columns","location":null,"status":"pending","title":"TC_TKB_08: HKI detailed timetable displays Score and Grade columns"},{"ancestorTitles":["FG04 - Timetable & Exam Schedule"],"failureMessages":[],"fullName":"FG04 - Timetable & Exam Schedule TC_TKB_09: HKIII detailed timetable does not show Grade columns","location":null,"status":"passed","title":"TC_TKB_09: HKIII detailed timetable does not show Grade columns"},{"ancestorTitles":["FG04 - Timetable & Exam Schedule"],"failureMessages":[],"fullName":"FG04 - Timetable & Exam Schedule TC_TKB_10: filter exam schedule by date 15/01/2025","location":null,"status":"passed","title":"TC_TKB_10: filter exam schedule by date 15/01/2025"},{"ancestorTitles":["FG04 - Timetable & Exam Schedule"],"failureMessages":[],"fullName":"FG04 - Timetable & Exam Schedule TC_TKB_11: timetable entries contain course code, room, lecturer, credits","location":null,"status":"passed","title":"TC_TKB_11: timetable entries contain course code, room, lecturer, credits"},{"ancestorTitles":["FG04 - Timetable & Exam Schedule"],"failureMessages":[],"fullName":"FG04 - Timetable & Exam Schedule TC_TKB_12: timetable data ready for export","location":null,"status":"passed","title":"TC_TKB_12: timetable data ready for export"},{"ancestorTitles":["FG04 - Timetable & Exam Schedule"],"failureMessages":[],"fullName":"FG04 - Timetable & Exam Schedule TC_TKB_13: room update A301 -> B205 reflected in API response","location":null,"status":"passed","title":"TC_TKB_13: room update A301 -> B205 reflected in API response"},{"ancestorTitles":["FG04 - Timetable & Exam Schedule"],"failureMessages":[],"fullName":"FG04 - Timetable & Exam Schedule TC_TKB_14: timetable with 6 days/week schedule (Mon-Sat) -> all days displayed","location":null,"status":"passed","title":"TC_TKB_14: timetable with 6 days/week schedule (Mon-Sat) -> all days displayed"},{"ancestorTitles":["FG04 - Timetable & Exam Schedule"],"failureMessages":[],"fullName":"FG04 - Timetable & Exam Schedule TC_TKB_15: out of range period returns N/A, evening period 7 removed","location":null,"status":"passed","title":"TC_TKB_15: out of range period returns N/A, evening period 7 removed"},{"ancestorTitles":["FG04 - Timetable & Exam Schedule"],"failureMessages":[],"fullName":"FG04 - Timetable & Exam Schedule TC_TKB_16: dropped HKIII course does not appear in timetable","location":null,"status":"passed","title":"TC_TKB_16: dropped HKIII course does not appear in timetable"},{"ancestorTitles":["FG04 - Timetable & Exam Schedule"],"failureMessages":[],"fullName":"FG04 - Timetable & Exam Schedule TC_TKB_17: practical/lab courses render with half-height CSS class","location":null,"status":"passed","title":"TC_TKB_17: practical/lab courses render with half-height CSS class"}],"endTime":1786762582788,"message":"","name":"D:\\ki_6\\SE\\PA5\\Software-Engineering---Group-6-Khoi-dev (1)\\Software-Engineering---Group-6-Khoi-dev\\src\\frontend\\src\\tests\\fg04-academic-financial\\timetable-exam-schedule\\Timetable.test.tsx","startTime":1786762581426,"status":"passed","summary":""},{"assertionResults":[{"ancestorTitles":["CoursesPage - FG03 Standard Course Registration"],"failureMessages":[],"fullName":"CoursesPage - FG03 Standard Course Registration TC_REG_01: Renders course catalog with credit summary and sections","location":null,"status":"passed","title":"TC_REG_01: Renders course catalog with credit summary and sections"},{"ancestorTitles":["CoursesPage - FG03 Standard Course Registration"],"failureMessages":[],"fullName":"CoursesPage - FG03 Standard Course Registration TC_REG_02: Searches and filters catalog","location":null,"status":"passed","title":"TC_REG_02: Searches and filters catalog"},{"ancestorTitles":["CoursesPage - FG03 Standard Course Registration"],"failureMessages":[],"fullName":"CoursesPage - FG03 Standard Course Registration TC_REG_03 & TC_REG_04: Add course to cart and submit registration successfully","location":null,"status":"passed","title":"TC_REG_03 & TC_REG_04: Add course to cart and submit registration successfully"},{"ancestorTitles":["CoursesPage - FG03 Standard Course Registration"],"failureMessages":[],"fullName":"CoursesPage - FG03 Standard Course Registration TC_REG_07: Section Full / Waitlist option - blocks addition if full","location":null,"status":"passed","title":"TC_REG_07: Section Full / Waitlist option - blocks addition if full"},{"ancestorTitles":["CoursesPage - FG03 Standard Course Registration"],"failureMessages":[],"fullName":"CoursesPage - FG03 Standard Course Registration TC_REG_08: Registration fails due to API error (e.g., schedule conflict)","location":null,"status":"passed","title":"TC_REG_08: Registration fails due to API error (e.g., schedule conflict)"},{"ancestorTitles":["CoursesPage - FG03 Standard Course Registration"],"failureMessages":[],"fullName":"CoursesPage - FG03 Standard Course Registration TC_REG_13: Drops a registered course","location":null,"status":"passed","title":"TC_REG_13: Drops a registered course"}],"endTime":1786762584082,"message":"","name":"D:\\ki_6\\SE\\PA5\\Software-Engineering---Group-6-Khoi-dev (1)\\Software-Engineering---Group-6-Khoi-dev\\src\\frontend\\src\\tests\\fg03-course-enrollment\\standard-course-registration\\CoursesPage.test.tsx","startTime":1786762582905,"status":"passed","summary":""},{"assertionResults":[{"ancestorTitles":["FG04 - Grade Viewing & GPA"],"failureMessages":[],"fullName":"FG04 - Grade Viewing & GPA TC_GRADE_01: select HK1 2024-2025 -> displays correct list of courses, component grades, final grade, classification","location":null,"status":"passed","title":"TC_GRADE_01: select HK1 2024-2025 -> displays correct list of courses, component grades, final grade, classification"},{"ancestorTitles":["FG04 - Grade Viewing & GPA"],"failureMessages":[],"fullName":"FG04 - Grade Viewing & GPA TC_GRADE_02: select HK2 2023-2024 from dropdown -> displays correct transcript for that semester","location":null,"status":"passed","title":"TC_GRADE_02: select HK2 2023-2024 from dropdown -> displays correct transcript for that semester"},{"ancestorTitles":["FG04 - Grade Viewing & GPA"],"failureMessages":[],"fullName":"FG04 - Grade Viewing & GPA TC_GRADE_03: view Semester GPA for HK1 2024-2025 -> calculates correctly based on grades and credits","location":null,"status":"passed","title":"TC_GRADE_03: view Semester GPA for HK1 2024-2025 -> calculates correctly based on grades and credits"},{"ancestorTitles":["FG04 - Grade Viewing & GPA"],"failureMessages":[],"fullName":"FG04 - Grade Viewing & GPA TC_GRADE_04: view cumulative GPA (CPA) -> correctly calculated for all semesters combined","location":null,"status":"passed","title":"TC_GRADE_04: view cumulative GPA (CPA) -> correctly calculated for all semesters combined"},{"ancestorTitles":["FG04 - Grade Viewing & GPA"],"failureMessages":[],"fullName":"FG04 - Grade Viewing & GPA TC_GRADE_05: GPA 8.5 -> academic rank classification displays Excellent","location":null,"status":"passed","title":"TC_GRADE_05: GPA 8.5 -> academic rank classification displays Excellent"},{"ancestorTitles":["FG04 - Grade Viewing & GPA"],"failureMessages":[],"fullName":"FG04 - Grade Viewing & GPA TC_GRADE_06: GPA 7.5 -> academic rank classification displays Good","location":null,"status":"passed","title":"TC_GRADE_06: GPA 7.5 -> academic rank classification displays Good"},{"ancestorTitles":["FG04 - Grade Viewing & GPA"],"failureMessages":[],"fullName":"FG04 - Grade Viewing & GPA TC_GRADE_07: view details for OOP -> displays attendance, midterm, final, and total grades clearly","location":null,"status":"passed","title":"TC_GRADE_07: view details for OOP -> displays attendance, midterm, final, and total grades clearly"},{"ancestorTitles":["FG04 - Grade Viewing & GPA"],"failureMessages":[],"fullName":"FG04 - Grade Viewing & GPA TC_GRADE_08: failed course (< 4.0) -> highlighted in red, status Retake","location":null,"status":"pending","title":"TC_GRADE_08: failed course (< 4.0) -> highlighted in red, status Retake"},{"ancestorTitles":["FG04 - Grade Viewing & GPA"],"failureMessages":[],"fullName":"FG04 - Grade Viewing & GPA TC_GRADE_09: final grade is null/empty -> Total grade displays TBD or empty, not 0","location":null,"status":"pending","title":"TC_GRADE_09: final grade is null/empty -> Total grade displays TBD or empty, not 0"},{"ancestorTitles":["FG04 - Grade Viewing & GPA"],"failureMessages":[],"fullName":"FG04 - Grade Viewing & GPA TC_GRADE_10: student has no grades -> displays No grade data found","location":null,"status":"passed","title":"TC_GRADE_10: student has no grades -> displays No grade data found"},{"ancestorTitles":["FG04 - Grade Viewing & GPA"],"failureMessages":[],"fullName":"FG04 - Grade Viewing & GPA TC_GRADE_11: OOP grade updated to 8.0 (from 6.5) -> displays new grade, recalculates GPA","location":null,"status":"pending","title":"TC_GRADE_11: OOP grade updated to 8.0 (from 6.5) -> displays new grade, recalculates GPA"},{"ancestorTitles":["FG04 - Grade Viewing & GPA"],"failureMessages":[],"fullName":"FG04 - Grade Viewing & GPA TC_GRADE_12: all courses achieve 10/10 -> GPA = 4.0, does not exceed 4.0","location":null,"status":"passed","title":"TC_GRADE_12: all courses achieve 10/10 -> GPA = 4.0, does not exceed 4.0"},{"ancestorTitles":["FG04 - Grade Viewing & GPA"],"failureMessages":[],"fullName":"FG04 - Grade Viewing & GPA TC_GRADE_13: all courses failed (<4/10) -> GPA = 0, displays academic warning","location":null,"status":"passed","title":"TC_GRADE_13: all courses failed (<4/10) -> GPA = 0, displays academic warning"},{"ancestorTitles":["FG04 - Grade Viewing & GPA"],"failureMessages":[],"fullName":"FG04 - Grade Viewing & GPA TC_GRADE_14: Download Transcript button visible when grades exist -> download feature pending implementation","location":null,"status":"passed","title":"TC_GRADE_14: Download Transcript button visible when grades exist -> download feature pending implementation"},{"ancestorTitles":["FG04 - Grade Viewing & GPA"],"failureMessages":[],"fullName":"FG04 - Grade Viewing & GPA TC_GRADE_15: Calculus retaken 2nd time -> 2 separate rows, GPA uses highest grade","location":null,"status":"pending","title":"TC_GRADE_15: Calculus retaken 2nd time -> 2 separate rows, GPA uses highest grade"}],"endTime":1786762584943,"message":"","name":"D:\\ki_6\\SE\\PA5\\Software-Engineering---Group-6-Khoi-dev (1)\\Software-Engineering---Group-6-Khoi-dev\\src\\frontend\\src\\tests\\fg04-academic-financial\\grade-viewing-gpa\\GradeViewing.test.tsx","startTime":1786762584118,"status":"passed","summary":""},{"assertionResults":[{"ancestorTitles":["AppealForm deadline notice"],"failureMessages":[],"fullName":"AppealForm deadline notice hides the deadline notice when the config request fails","location":null,"status":"passed","title":"hides the deadline notice when the config request fails"},{"ancestorTitles":["AppealForm deadline notice"],"failureMessages":[],"fullName":"AppealForm deadline notice shows a fallback deadline notice when the config has no deadline value","location":null,"status":"passed","title":"shows a fallback deadline notice when the config has no deadline value"},{"ancestorTitles":["AppealForm deadline notice"],"failureMessages":[],"fullName":"AppealForm deadline notice disables the form when no eligible grade is available","location":null,"status":"passed","title":"disables the form when no eligible grade is available"},{"ancestorTitles":["AppealForm deadline notice"],"failureMessages":[],"fullName":"AppealForm deadline notice syncs the current grade field when the selected grade changes","location":null,"status":"passed","title":"syncs the current grade field when the selected grade changes"}],"endTime":1786762585791,"message":"","name":"D:\\ki_6\\SE\\PA5\\Software-Engineering---Group-6-Khoi-dev (1)\\Software-Engineering---Group-6-Khoi-dev\\src\\frontend\\src\\pages\\appeals\\AppealForm.test.tsx","startTime":1786762585093,"status":"passed","summary":""},{"assertionResults":[{"ancestorTitles":["FG02 - Submit Appeal"],"failureMessages":[],"fullName":"FG02 - Submit Appeal TC_APP_SUB_01: submit appeal for Discrete Math with valid reason -> 201 Created and success message","location":null,"status":"passed","title":"TC_APP_SUB_01: submit appeal for Discrete Math with valid reason -> 201 Created and success message"},{"ancestorTitles":["FG02 - Submit Appeal"],"failureMessages":[],"fullName":"FG02 - Submit Appeal TC_APP_SUB_02: submit appeal with PDF attachment -> accepted and records URL","location":null,"status":"passed","title":"TC_APP_SUB_02: submit appeal with PDF attachment -> accepted and records URL"},{"ancestorTitles":["FG02 - Submit Appeal"],"failureMessages":[],"fullName":"FG02 - Submit Appeal TC_APP_SUB_03: submit appeal with JPG attachment -> JPG file accepted","location":null,"status":"passed","title":"TC_APP_SUB_03: submit appeal with JPG attachment -> JPG file accepted"},{"ancestorTitles":["FG02 - Submit Appeal"],"failureMessages":[],"fullName":"FG02 - Submit Appeal TC_APP_SUB_04: submit appeal after deadline -> API returns 400 error","location":null,"status":"passed","title":"TC_APP_SUB_04: submit appeal after deadline -> API returns 400 error"},{"ancestorTitles":["FG02 - Submit Appeal"],"failureMessages":[],"fullName":"FG02 - Submit Appeal TC_APP_SUB_05: missing gradeId -> client-side validation rejects, NO API call","location":null,"status":"passed","title":"TC_APP_SUB_05: missing gradeId -> client-side validation rejects, NO API call"},{"ancestorTitles":["FG02 - Submit Appeal"],"failureMessages":[],"fullName":"FG02 - Submit Appeal TC_APP_SUB_06: empty appeal reason -> validation rejects, NO API call","location":null,"status":"passed","title":"TC_APP_SUB_06: empty appeal reason -> validation rejects, NO API call"},{"ancestorTitles":["FG02 - Submit Appeal"],"failureMessages":[],"fullName":"FG02 - Submit Appeal TC_APP_SUB_07: attach EXE file -> validation rejects, NO upload","location":null,"status":"passed","title":"TC_APP_SUB_07: attach EXE file -> validation rejects, NO upload"},{"ancestorTitles":["FG02 - Submit Appeal"],"failureMessages":[],"fullName":"FG02 - Submit Appeal TC_APP_SUB_08: attach 6MB file -> validation rejects, NO upload","location":null,"status":"passed","title":"TC_APP_SUB_08: attach 6MB file -> validation rejects, NO upload"},{"ancestorTitles":["FG02 - Submit Appeal"],"failureMessages":[],"fullName":"FG02 - Submit Appeal TC_APP_SUB_09: submit appeal for course with processing appeal -> API returns 409 Conflict","location":null,"status":"passed","title":"TC_APP_SUB_09: submit appeal for course with processing appeal -> API returns 409 Conflict"},{"ancestorTitles":["FG02 - Submit Appeal"],"failureMessages":[],"fullName":"FG02 - Submit Appeal TC_APP_SUB_10: reason exactly 500 chars -> validation accepts (boundary)","location":null,"status":"passed","title":"TC_APP_SUB_10: reason exactly 500 chars -> validation accepts (boundary)"},{"ancestorTitles":["FG02 - Submit Appeal"],"failureMessages":[],"fullName":"FG02 - Submit Appeal TC_APP_SUB_11: reason 501 chars -> validation rejects exceeding limit","location":null,"status":"passed","title":"TC_APP_SUB_11: reason 501 chars -> validation rejects exceeding limit"},{"ancestorTitles":["FG02 - Submit Appeal"],"failureMessages":[],"fullName":"FG02 - Submit Appeal TC_APP_SUB_12: submit on final deadline day -> system accepts (boundary)","location":null,"status":"passed","title":"TC_APP_SUB_12: submit on final deadline day -> system accepts (boundary)"},{"ancestorTitles":["FG02 - Submit Appeal"],"failureMessages":[],"fullName":"FG02 - Submit Appeal TC_APP_SUB_13: attach 2 valid files (PDF + JPG) -> both are accepted","location":null,"status":"passed","title":"TC_APP_SUB_13: attach 2 valid files (PDF + JPG) -> both are accepted"},{"ancestorTitles":["FG02 - Submit Appeal"],"failureMessages":[],"fullName":"FG02 - Submit Appeal TC_APP_SUB_14: PlaceholderPage displays description of preview feature","location":null,"status":"passed","title":"TC_APP_SUB_14: PlaceholderPage displays description of preview feature"},{"ancestorTitles":["FG02 - Submit Appeal"],"failureMessages":[],"fullName":"FG02 - Submit Appeal TC_APP_SUB_15: user clicks Cancel after filling form -> NO POST call, navigates back","location":null,"status":"passed","title":"TC_APP_SUB_15: user clicks Cancel after filling form -> NO POST call, navigates back"}],"endTime":1786762586256,"message":"","name":"D:\\ki_6\\SE\\PA5\\Software-Engineering---Group-6-Khoi-dev (1)\\Software-Engineering---Group-6-Khoi-dev\\src\\frontend\\src\\tests\\fg02-grade-appeal\\submit-appeal\\SubmitAppeal.test.tsx","startTime":1786762585834,"status":"passed","summary":""},{"assertionResults":[{"ancestorTitles":["FG04 - Tuition Fee Tracking"],"failureMessages":[],"fullName":"FG04 - Tuition Fee Tracking TC_TUI_01: go to Tuition, select HK1 2024-2025 -> displays total tuition, paid, remaining, deadline","location":null,"status":"passed","title":"TC_TUI_01: go to Tuition, select HK1 2024-2025 -> displays total tuition, paid, remaining, deadline"},{"ancestorTitles":["FG04 - Tuition Fee Tracking"],"failureMessages":[],"fullName":"FG04 - Tuition Fee Tracking TC_TUI_02: Payment History tab -> displays payment date, amount, method, transaction code","location":null,"status":"pending","title":"TC_TUI_02: Payment History tab -> displays payment date, amount, method, transaction code"},{"ancestorTitles":["FG04 - Tuition Fee Tracking"],"failureMessages":[],"fullName":"FG04 - Tuition Fee Tracking TC_TUI_03: select HK2 2023-2024 fully paid -> displays Debt: 0 VND or Fully Paid badge","location":null,"status":"passed","title":"TC_TUI_03: select HK2 2023-2024 fully paid -> displays Debt: 0 VND or Fully Paid badge"},{"ancestorTitles":["FG04 - Tuition Fee Tracking"],"failureMessages":[],"fullName":"FG04 - Tuition Fee Tracking TC_TUI_04: HK1 2024-2025 with 3,500,000 VND debt -> displays amount + Outstanding Debt badge","location":null,"status":"passed","title":"TC_TUI_04: HK1 2024-2025 with 3,500,000 VND debt -> displays amount + Outstanding Debt badge"},{"ancestorTitles":["FG04 - Tuition Fee Tracking"],"failureMessages":[],"fullName":"FG04 - Tuition Fee Tracking TC_TUI_05: Scholarships & Discounts tab -> displays scholarship type, value, granted date","location":null,"status":"passed","title":"TC_TUI_05: Scholarships & Discounts tab -> displays scholarship type, value, granted date"},{"ancestorTitles":["FG04 - Tuition Fee Tracking"],"failureMessages":[],"fullName":"FG04 - Tuition Fee Tracking TC_TUI_06: Tuition 10M, Scholarship 5M -> remaining to pay = 5,000,000 VND","location":null,"status":"passed","title":"TC_TUI_06: Tuition 10M, Scholarship 5M -> remaining to pay = 5,000,000 VND"},{"ancestorTitles":["FG04 - Tuition Fee Tracking"],"failureMessages":[],"fullName":"FG04 - Tuition Fee Tracking TC_TUI_07: Full scholarship history -> API returns list sorted newest first","location":null,"status":"passed","title":"TC_TUI_07: Full scholarship history -> API returns list sorted newest first"},{"ancestorTitles":["FG04 - Tuition Fee Tracking"],"failureMessages":[],"fullName":"FG04 - Tuition Fee Tracking TC_TUI_08: select semester without tuition announcement -> API returns null -> displays Not updated yet","location":null,"status":"passed","title":"TC_TUI_08: select semester without tuition announcement -> API returns null -> displays Not updated yet"},{"ancestorTitles":["FG04 - Tuition Fee Tracking"],"failureMessages":[],"fullName":"FG04 - Tuition Fee Tracking TC_TUI_09: amount 12500000 -> displays formatted 12,500,000 (with thousand separator)","location":null,"status":"passed","title":"TC_TUI_09: amount 12500000 -> displays formatted 12,500,000 (with thousand separator)"},{"ancestorTitles":["FG04 - Tuition Fee Tracking"],"failureMessages":[],"fullName":"FG04 - Tuition Fee Tracking TC_TUI_10: click Download Receipt for TXN-2024-00123 -> API calls download endpoint","location":null,"status":"passed","title":"TC_TUI_10: click Download Receipt for TXN-2024-00123 -> API calls download endpoint"},{"ancestorTitles":["FG04 - Tuition Fee Tracking"],"failureMessages":[],"fullName":"FG04 - Tuition Fee Tracking TC_TUI_11: pay 5,000,000 VND -> debt decreases correctly, history updates with new transaction","location":null,"status":"passed","title":"TC_TUI_11: pay 5,000,000 VND -> debt decreases correctly, history updates with new transaction"},{"ancestorTitles":["FG04 - Tuition Fee Tracking"],"failureMessages":[],"fullName":"FG04 - Tuition Fee Tracking TC_TUI_12: 100% scholarship -> tuition = 0 VND, 100% Tuition Exemption displayed","location":null,"status":"passed","title":"TC_TUI_12: 100% scholarship -> tuition = 0 VND, 100% Tuition Exemption displayed"},{"ancestorTitles":["FG04 - Tuition Fee Tracking"],"failureMessages":[],"fullName":"FG04 - Tuition Fee Tracking TC_TUI_13: Scholarship A: 2M + Scholarship B: 1.5M -> total 3.5M, does not exceed original tuition","location":null,"status":"passed","title":"TC_TUI_13: Scholarship A: 2M + Scholarship B: 1.5M -> total 3.5M, does not exceed original tuition"},{"ancestorTitles":["FG04 - Tuition Fee Tracking"],"failureMessages":[],"fullName":"FG04 - Tuition Fee Tracking TC_TUI_14: tuition payment deadline has passed -> isPaymentOverdue = true -> Overdue warning","location":null,"status":"passed","title":"TC_TUI_14: tuition payment deadline has passed -> isPaymentOverdue = true -> Overdue warning"},{"ancestorTitles":["FG04 - Tuition Fee Tracking"],"failureMessages":[],"fullName":"FG04 - Tuition Fee Tracking TC_TUI_15: filter from 01/09/2024 to 31/01/2025 -> only displays transactions in that range","location":null,"status":"passed","title":"TC_TUI_15: filter from 01/09/2024 to 31/01/2025 -> only displays transactions in that range"},{"ancestorTitles":["FG04 - Tuition Fee Tracking"],"failureMessages":[],"fullName":"FG04 - Tuition Fee Tracking TC_TUI_16: view Course Summary -> API returns total tuition paid since beginning of course","location":null,"status":"passed","title":"TC_TUI_16: view Course Summary -> API returns total tuition paid since beginning of course"}],"endTime":1786762587036,"message":"","name":"D:\\ki_6\\SE\\PA5\\Software-Engineering---Group-6-Khoi-dev (1)\\Software-Engineering---Group-6-Khoi-dev\\src\\frontend\\src\\tests\\fg04-academic-financial\\tuition-fee-tracking\\TuitionTracking.test.tsx","startTime":1786762586353,"status":"passed","summary":""},{"assertionResults":[{"ancestorTitles":["AppealsPage"],"failureMessages":[],"fullName":"AppealsPage shows the submission deadline in the submission window","location":null,"status":"passed","title":"shows the submission deadline in the submission window"}],"endTime":1786762587576,"message":"","name":"D:\\ki_6\\SE\\PA5\\Software-Engineering---Group-6-Khoi-dev (1)\\Software-Engineering---Group-6-Khoi-dev\\src\\frontend\\src\\pages\\appeals\\AppealsPage.test.tsx","startTime":1786762587131,"status":"passed","summary":""},{"assertionResults":[{"ancestorTitles":["CourseSuggestionCard - FG03 AI Chatbot Tests"],"failureMessages":[],"fullName":"CourseSuggestionCard - FG03 AI Chatbot Tests TC_AIL_02: Renders course recommendation with Eligible status","location":null,"status":"passed","title":"TC_AIL_02: Renders course recommendation with Eligible status"},{"ancestorTitles":["CourseSuggestionCard - FG03 AI Chatbot Tests"],"failureMessages":[],"fullName":"CourseSuggestionCard - FG03 AI Chatbot Tests TC_AIL_05: Renders course recommendation with Prerequisite Missing status","location":null,"status":"passed","title":"TC_AIL_05: Renders course recommendation with Prerequisite Missing status"},{"ancestorTitles":["CourseSuggestionCard - FG03 AI Chatbot Tests"],"failureMessages":[],"fullName":"CourseSuggestionCard - FG03 AI Chatbot Tests TC_AIL_03: Handles accepting AI course suggestion (Save to Wishlist)","location":null,"status":"passed","title":"TC_AIL_03: Handles accepting AI course suggestion (Save to Wishlist)"}],"endTime":1786762587964,"message":"","name":"D:\\ki_6\\SE\\PA5\\Software-Engineering---Group-6-Khoi-dev (1)\\Software-Engineering---Group-6-Khoi-dev\\src\\frontend\\src\\tests\\fg03-course-enrollment\\ai-learning-path-chatbot\\CourseSuggestionCard.test.tsx","startTime":1786762587614,"status":"passed","summary":""},{"assertionResults":[{"ancestorTitles":["FG02 - Track Appeal Status"],"failureMessages":[],"fullName":"FG02 - Track Appeal Status TC_APP_TRK_01: view list of appeal applications -> displays application ID, course name, submit date, status","location":null,"status":"passed","title":"TC_APP_TRK_01: view list of appeal applications -> displays application ID, course name, submit date, status"},{"ancestorTitles":["FG02 - Track Appeal Status"],"failureMessages":[],"fullName":"FG02 - Track Appeal Status TC_APP_TRK_02: application APP-2024-001 -> status displays Pending (badge-pending)","location":null,"status":"passed","title":"TC_APP_TRK_02: application APP-2024-001 -> status displays Pending (badge-pending)"},{"ancestorTitles":["FG02 - Track Appeal Status"],"failureMessages":[],"fullName":"FG02 - Track Appeal Status TC_APP_TRK_03: application APP-2024-002 -> status displays Processing (badge-inprogress)","location":null,"status":"passed","title":"TC_APP_TRK_03: application APP-2024-002 -> status displays Processing (badge-inprogress)"},{"ancestorTitles":["FG02 - Track Appeal Status"],"failureMessages":[],"fullName":"FG02 - Track Appeal Status TC_APP_TRK_04: application APP-2024-003 -> status displays Resolved (badge-resolved)","location":null,"status":"passed","title":"TC_APP_TRK_04: application APP-2024-003 -> status displays Resolved (badge-resolved)"},{"ancestorTitles":["FG02 - Track Appeal Status"],"failureMessages":[],"fullName":"FG02 - Track Appeal Status TC_APP_TRK_05: application APP-2024-004 -> status displays Rejected (badge-denied)","location":null,"status":"passed","title":"TC_APP_TRK_05: application APP-2024-004 -> status displays Rejected (badge-denied)"},{"ancestorTitles":["FG02 - Track Appeal Status"],"failureMessages":[],"fullName":"FG02 - Track Appeal Status TC_APP_TRK_06: appeal fee deadline is in the future -> Pay Fee button is enabled","location":null,"status":"passed","title":"TC_APP_TRK_06: appeal fee deadline is in the future -> Pay Fee button is enabled"},{"ancestorTitles":["FG02 - Track Appeal Status"],"failureMessages":[],"fullName":"FG02 - Track Appeal Status TC_APP_TRK_07: appeal fee deadline has passed -> Pay Fee button is disabled","location":null,"status":"passed","title":"TC_APP_TRK_07: appeal fee deadline has passed -> Pay Fee button is disabled"},{"ancestorTitles":["FG02 - Track Appeal Status"],"failureMessages":[],"fullName":"FG02 - Track Appeal Status TC_APP_TRK_08: student has not submitted any application -> displays No appeal applications found","location":null,"status":"passed","title":"TC_APP_TRK_08: student has not submitted any application -> displays No appeal applications found"},{"ancestorTitles":["FG02 - Track Appeal Status"],"failureMessages":[],"fullName":"FG02 - Track Appeal Status TC_APP_TRK_09: GET /api/appeals/me with trackingCode APP-2024-001 -> returns correct application","location":null,"status":"passed","title":"TC_APP_TRK_09: GET /api/appeals/me with trackingCode APP-2024-001 -> returns correct application"},{"ancestorTitles":["FG02 - Track Appeal Status"],"failureMessages":[],"fullName":"FG02 - Track Appeal Status TC_APP_TRK_10: search Discrete Math -> list only contains related applications","location":null,"status":"passed","title":"TC_APP_TRK_10: search Discrete Math -> list only contains related applications"},{"ancestorTitles":["FG02 - Track Appeal Status"],"failureMessages":[],"fullName":"FG02 - Track Appeal Status TC_APP_TRK_11: search xyz_khong_ton_tai -> displays No appeal applications found","location":null,"status":"passed","title":"TC_APP_TRK_11: search xyz_khong_ton_tai -> displays No appeal applications found"},{"ancestorTitles":["FG02 - Track Appeal Status"],"failureMessages":[],"fullName":"FG02 - Track Appeal Status TC_APP_TRK_12: filter status Approved -> only displays Resolved applications","location":null,"status":"passed","title":"TC_APP_TRK_12: filter status Approved -> only displays Resolved applications"},{"ancestorTitles":["FG02 - Track Appeal Status"],"failureMessages":[],"fullName":"FG02 - Track Appeal Status TC_APP_TRK_13: GET list again after admin updates -> new status is reflected","location":null,"status":"passed","title":"TC_APP_TRK_13: GET list again after admin updates -> new status is reflected"},{"ancestorTitles":["FG02 - Track Appeal Status"],"failureMessages":[],"fullName":"FG02 - Track Appeal Status TC_APP_TRK_14: PDF export feature for application APP-2024-003 -> pending UI feature","location":null,"status":"passed","title":"TC_APP_TRK_14: PDF export feature for application APP-2024-003 -> pending UI feature"},{"ancestorTitles":["FG02 - Track Appeal Status"],"failureMessages":[],"fullName":"FG02 - Track Appeal Status TC_APP_TRK_15: GET /api/appeals/{id} for appeal APP-2024-005 -> returns status timeline","location":null,"status":"passed","title":"TC_APP_TRK_15: GET /api/appeals/{id} for appeal APP-2024-005 -> returns status timeline"}],"endTime":1786762588369,"message":"","name":"D:\\ki_6\\SE\\PA5\\Software-Engineering---Group-6-Khoi-dev (1)\\Software-Engineering---Group-6-Khoi-dev\\src\\frontend\\src\\tests\\fg02-grade-appeal\\track-appeal-status\\TrackAppealStatus.test.tsx","startTime":1786762588038,"status":"passed","summary":""},{"assertionResults":[{"ancestorTitles":["AppealStatusTracking"],"failureMessages":[],"fullName":"AppealStatusTracking shows the withdrawn submission message without a deadline column","location":null,"status":"passed","title":"shows the withdrawn submission message without a deadline column"}],"endTime":1786762588703,"message":"","name":"D:\\ki_6\\SE\\PA5\\Software-Engineering---Group-6-Khoi-dev (1)\\Software-Engineering---Group-6-Khoi-dev\\src\\frontend\\src\\pages\\appeals\\AppealStatusTracking.test.tsx","startTime":1786762588400,"status":"passed","summary":""},{"assertionResults":[{"ancestorTitles":["appeal submission helpers"],"failureMessages":[],"fullName":"appeal submission helpers accepts a supported PDF file within size limits","location":null,"status":"passed","title":"accepts a supported PDF file within size limits"},{"ancestorTitles":["appeal submission helpers"],"failureMessages":[],"fullName":"appeal submission helpers rejects unsupported file types","location":null,"status":"passed","title":"rejects unsupported file types"},{"ancestorTitles":["appeal submission helpers"],"failureMessages":[],"fullName":"appeal submission helpers extracts the server message from an axios-style error","location":null,"status":"passed","title":"extracts the server message from an axios-style error"}],"endTime":1786762588896,"message":"","name":"D:\\ki_6\\SE\\PA5\\Software-Engineering---Group-6-Khoi-dev (1)\\Software-Engineering---Group-6-Khoi-dev\\src\\frontend\\src\\pages\\appeals\\appealSubmissionUtils.test.ts","startTime":1786762588735,"status":"passed","summary":""},{"assertionResults":[{"ancestorTitles":["useAuth"],"failureMessages":[],"fullName":"useAuth returns a safe guest context when used outside AuthProvider","location":null,"status":"passed","title":"returns a safe guest context when used outside AuthProvider"}],"endTime":1786762590776,"message":"","name":"D:\\ki_6\\SE\\PA5\\Software-Engineering---Group-6-Khoi-dev (1)\\Software-Engineering---Group-6-Khoi-dev\\src\\frontend\\src\\auth\\useAuth.test.tsx","startTime":1786762588941,"status":"passed","summary":""}],"wasInterrupted":false}