{"numFailedTestSuites":1,"numFailedTests":0,"numPassedTestSuites":6,"numPassedTests":76,"numPendingTestSuites":0,"numPendingTests":8,"numRuntimeErrorTestSuites":1,"numTodoTests":0,"numTotalTestSuites":7,"numTotalTests":84,"openHandles":[],"snapshot":{"added":0,"didUpdate":false,"failure":false,"filesAdded":0,"filesRemoved":0,"filesRemovedList":[],"filesUnmatched":0,"filesUpdated":0,"matched":0,"total":0,"unchecked":0,"uncheckedKeysByFile":[],"unmatched":0,"updated":0},"startTime":1785669646076,"success":false,"testResults":[{"assertionResults":[{"ancestorTitles":["FG02 – Submit Appeal"],"failureMessages":[],"fullName":"FG02 – Submit Appeal TC_APP_SUB_01: nộp đơn phúc khảo \"Toán rời rạc\" với lý do hợp lệ → 201 Created + thông báo thành công","location":null,"status":"passed","title":"TC_APP_SUB_01: nộp đơn phúc khảo \"Toán rời rạc\" với lý do hợp lệ → 201 Created + thông báo thành công"},{"ancestorTitles":["FG02 – Submit Appeal"],"failureMessages":[],"fullName":"FG02 – Submit Appeal TC_APP_SUB_02: nộp đơn kèm file PDF \"minh_chung.pdf\" (2MB) → chấp nhận & ghi nhận URL","location":null,"status":"passed","title":"TC_APP_SUB_02: nộp đơn kèm file PDF \"minh_chung.pdf\" (2MB) → chấp nhận & ghi nhận URL"},{"ancestorTitles":["FG02 – Submit Appeal"],"failureMessages":[],"fullName":"FG02 – Submit Appeal TC_APP_SUB_03: nộp đơn kèm file JPG \"bai_thi.jpg\" (1.5MB) → file JPG được chấp nhận","location":null,"status":"passed","title":"TC_APP_SUB_03: nộp đơn kèm file JPG \"bai_thi.jpg\" (1.5MB) → file JPG được chấp nhận"},{"ancestorTitles":["FG02 – Submit Appeal"],"failureMessages":[],"fullName":"FG02 – Submit Appeal TC_APP_SUB_04: nộp đơn sau ngày hết hạn → API trả lỗi 400 \"Đã hết thời hạn nộp đơn\"","location":null,"status":"passed","title":"TC_APP_SUB_04: nộp đơn sau ngày hết hạn → API trả lỗi 400 \"Đã hết thời hạn nộp đơn\""},{"ancestorTitles":["FG02 – Submit Appeal"],"failureMessages":[],"fullName":"FG02 – Submit Appeal TC_APP_SUB_05: không truyền gradeId → client-side validation từ chối gửi, KHÔNG gọi API","location":null,"status":"passed","title":"TC_APP_SUB_05: không truyền gradeId → client-side validation từ chối gửi, KHÔNG gọi API"},{"ancestorTitles":["FG02 – Submit Appeal"],"failureMessages":[],"fullName":"FG02 – Submit Appeal TC_APP_SUB_06: lý do phúc khảo rỗng → validation từ chối, KHÔNG gọi API","location":null,"status":"passed","title":"TC_APP_SUB_06: lý do phúc khảo rỗng → validation từ chối, KHÔNG gọi API"},{"ancestorTitles":["FG02 – Submit Appeal"],"failureMessages":[],"fullName":"FG02 – Submit Appeal TC_APP_SUB_07: đính kèm file \"virus.exe\" → validation từ chối, KHÔNG upload","location":null,"status":"passed","title":"TC_APP_SUB_07: đính kèm file \"virus.exe\" → validation từ chối, KHÔNG upload"},{"ancestorTitles":["FG02 – Submit Appeal"],"failureMessages":[],"fullName":"FG02 – Submit Appeal TC_APP_SUB_08: đính kèm file 6MB → validation từ chối, KHÔNG upload","location":null,"status":"passed","title":"TC_APP_SUB_08: đính kèm file 6MB → validation từ chối, KHÔNG upload"},{"ancestorTitles":["FG02 – Submit Appeal"],"failureMessages":[],"fullName":"FG02 – Submit Appeal TC_APP_SUB_09: nộp đơn cho môn đã có đơn đang xử lý → API trả 409 Conflict + cảnh báo","location":null,"status":"passed","title":"TC_APP_SUB_09: nộp đơn cho môn đã có đơn đang xử lý → API trả 409 Conflict + cảnh báo"},{"ancestorTitles":["FG02 – Submit Appeal"],"failureMessages":[],"fullName":"FG02 – Submit Appeal TC_APP_SUB_10: lý do đúng 500 ký tự → validation chấp nhận (boundary)","location":null,"status":"passed","title":"TC_APP_SUB_10: lý do đúng 500 ký tự → validation chấp nhận (boundary)"},{"ancestorTitles":["FG02 – Submit Appeal"],"failureMessages":[],"fullName":"FG02 – Submit Appeal TC_APP_SUB_11: lý do 501 ký tự → validation từ chối \"vượt 500 ký tự\"","location":null,"status":"passed","title":"TC_APP_SUB_11: lý do 501 ký tự → validation từ chối \"vượt 500 ký tự\""},{"ancestorTitles":["FG02 – Submit Appeal"],"failureMessages":[],"fullName":"FG02 – Submit Appeal TC_APP_SUB_12: nộp đúng ngày cuối deadline (23:59) → hệ thống chấp nhận (boundary)","location":null,"status":"passed","title":"TC_APP_SUB_12: nộp đúng ngày cuối deadline (23:59) → hệ thống chấp nhận (boundary)"},{"ancestorTitles":["FG02 – Submit Appeal"],"failureMessages":[],"fullName":"FG02 – Submit Appeal TC_APP_SUB_13: đính kèm 2 file hợp lệ (PDF + JPG) → cả 2 được chấp nhận","location":null,"status":"passed","title":"TC_APP_SUB_13: đính kèm 2 file hợp lệ (PDF + JPG) → cả 2 được chấp nhận"},{"ancestorTitles":["FG02 – Submit Appeal"],"failureMessages":[],"fullName":"FG02 – Submit Appeal TC_APP_SUB_14: PlaceholderPage hiện tại hiển thị mô tả về tính năng preview (T032)","location":null,"status":"passed","title":"TC_APP_SUB_14: PlaceholderPage hiện tại hiển thị mô tả về tính năng preview (T032)"},{"ancestorTitles":["FG02 – Submit Appeal"],"failureMessages":[],"fullName":"FG02 – Submit Appeal TC_APP_SUB_15: người dùng nhấn \"Hủy\" sau khi điền form → KHÔNG gọi POST, quay về trang trước","location":null,"status":"passed","title":"TC_APP_SUB_15: người dùng nhấn \"Hủy\" sau khi điền form → KHÔNG gọi POST, quay về trang trước"}],"endTime":1785669648897,"message":"","name":"D:\\NMCNPM\\MyUS\\Software-Engineering---Group-6\\src\\frontend\\src\\tests\\fg02-grade-appeal\\submit-appeal\\SubmitAppeal.test.tsx","startTime":1785669647519,"status":"passed","summary":""},{"assertionResults":[{"ancestorTitles":["FG02 – Track Appeal Status"],"failureMessages":[],"fullName":"FG02 – Track Appeal Status TC_APP_TRK_01: xem danh sách đơn phúc khảo → hiển thị mã đơn, tên môn, ngày nộp, trạng thái","location":null,"status":"passed","title":"TC_APP_TRK_01: xem danh sách đơn phúc khảo → hiển thị mã đơn, tên môn, ngày nộp, trạng thái"},{"ancestorTitles":["FG02 – Track Appeal Status"],"failureMessages":[],"fullName":"FG02 – Track Appeal Status TC_APP_TRK_02: đơn APP-2024-001 → trạng thái hiển thị \"Đang chờ xử lý\" (badge-pending)","location":null,"status":"passed","title":"TC_APP_TRK_02: đơn APP-2024-001 → trạng thái hiển thị \"Đang chờ xử lý\" (badge-pending)"},{"ancestorTitles":["FG02 – Track Appeal Status"],"failureMessages":[],"fullName":"FG02 – Track Appeal Status TC_APP_TRK_03: đơn APP-2024-002 → trạng thái hiển thị \"Đang xử lý\" (badge-inprogress)","location":null,"status":"passed","title":"TC_APP_TRK_03: đơn APP-2024-002 → trạng thái hiển thị \"Đang xử lý\" (badge-inprogress)"},{"ancestorTitles":["FG02 – Track Appeal Status"],"failureMessages":[],"fullName":"FG02 – Track Appeal Status TC_APP_TRK_04: đơn APP-2024-003 → trạng thái hiển thị \"Đã giải quyết\" (badge-resolved)","location":null,"status":"passed","title":"TC_APP_TRK_04: đơn APP-2024-003 → trạng thái hiển thị \"Đã giải quyết\" (badge-resolved)"},{"ancestorTitles":["FG02 – Track Appeal Status"],"failureMessages":[],"fullName":"FG02 – Track Appeal Status TC_APP_TRK_05: đơn APP-2024-004 → trạng thái hiển thị \"Bị từ chối\" (badge-denied)","location":null,"status":"passed","title":"TC_APP_TRK_05: đơn APP-2024-004 → trạng thái hiển thị \"Bị từ chối\" (badge-denied)"},{"ancestorTitles":["FG02 – Track Appeal Status"],"failureMessages":[],"fullName":"FG02 – Track Appeal Status TC_APP_TRK_06: hạn đóng phí phúc khảo là ngày tương lai → nút \"Đóng phí\" còn kích hoạt","location":null,"status":"passed","title":"TC_APP_TRK_06: hạn đóng phí phúc khảo là ngày tương lai → nút \"Đóng phí\" còn kích hoạt"},{"ancestorTitles":["FG02 – Track Appeal Status"],"failureMessages":[],"fullName":"FG02 – Track Appeal Status TC_APP_TRK_07: hạn đóng phí phúc khảo đã qua → nút \"Đóng phí\" bị vô hiệu hóa","location":null,"status":"passed","title":"TC_APP_TRK_07: hạn đóng phí phúc khảo đã qua → nút \"Đóng phí\" bị vô hiệu hóa"},{"ancestorTitles":["FG02 – Track Appeal Status"],"failureMessages":[],"fullName":"FG02 – Track Appeal Status TC_APP_TRK_08: sinh viên chưa nộp đơn nào → hiển thị \"Bạn chưa có đơn phúc khảo nào.\"","location":null,"status":"passed","title":"TC_APP_TRK_08: sinh viên chưa nộp đơn nào → hiển thị \"Bạn chưa có đơn phúc khảo nào.\""},{"ancestorTitles":["FG02 – Track Appeal Status"],"failureMessages":[],"fullName":"FG02 – Track Appeal Status TC_APP_TRK_09: GET /api/appeals/me với trackingCode \"APP-2024-001\" → trả về đúng đơn","location":null,"status":"passed","title":"TC_APP_TRK_09: GET /api/appeals/me với trackingCode \"APP-2024-001\" → trả về đúng đơn"},{"ancestorTitles":["FG02 – Track Appeal Status"],"failureMessages":[],"fullName":"FG02 – Track Appeal Status TC_APP_TRK_10: tìm kiếm \"Toán rời rạc\" → danh sách chỉ chứa đơn liên quan","location":null,"status":"passed","title":"TC_APP_TRK_10: tìm kiếm \"Toán rời rạc\" → danh sách chỉ chứa đơn liên quan"},{"ancestorTitles":["FG02 – Track Appeal Status"],"failureMessages":[],"fullName":"FG02 – Track Appeal Status TC_APP_TRK_11: tìm kiếm \"xyz_khong_ton_tai\" → hiển thị \"Không tìm thấy đơn phúc khảo\"","location":null,"status":"passed","title":"TC_APP_TRK_11: tìm kiếm \"xyz_khong_ton_tai\" → hiển thị \"Không tìm thấy đơn phúc khảo\""},{"ancestorTitles":["FG02 – Track Appeal Status"],"failureMessages":[],"fullName":"FG02 – Track Appeal Status TC_APP_TRK_12: lọc trạng thái \"Approved\" → chỉ hiển thị đơn \"Đã giải quyết\"","location":null,"status":"passed","title":"TC_APP_TRK_12: lọc trạng thái \"Approved\" → chỉ hiển thị đơn \"Đã giải quyết\""},{"ancestorTitles":["FG02 – Track Appeal Status"],"failureMessages":[],"fullName":"FG02 – Track Appeal Status TC_APP_TRK_13: GET lại danh sách sau khi admin cập nhật → trạng thái mới được phản ánh","location":null,"status":"passed","title":"TC_APP_TRK_13: GET lại danh sách sau khi admin cập nhật → trạng thái mới được phản ánh"},{"ancestorTitles":["FG02 – Track Appeal Status"],"failureMessages":[],"fullName":"FG02 – Track Appeal Status TC_APP_TRK_14: tính năng xuất PDF cho đơn APP-2024-003 → pending (UI feature)","location":null,"status":"passed","title":"TC_APP_TRK_14: tính năng xuất PDF cho đơn APP-2024-003 → pending (UI feature)"},{"ancestorTitles":["FG02 – Track Appeal Status"],"failureMessages":[],"fullName":"FG02 – Track Appeal Status TC_APP_TRK_15: GET /api/appeals/{id} với appeal APP-2024-005 → trả về timeline trạng thái","location":null,"status":"passed","title":"TC_APP_TRK_15: GET /api/appeals/{id} với appeal APP-2024-005 → trả về timeline trạng thái"}],"endTime":1785669648988,"message":"","name":"D:\\NMCNPM\\MyUS\\Software-Engineering---Group-6\\src\\frontend\\src\\tests\\fg02-grade-appeal\\track-appeal-status\\TrackAppealStatus.test.tsx","startTime":1785669647562,"status":"passed","summary":""},{"assertionResults":[{"ancestorTitles":["FG04 – Tuition Fee Tracking"],"failureMessages":[],"fullName":"FG04 – Tuition Fee Tracking TC_TUI_01: vào \"Học phí\" chọn HK1 2024-2025 → hiển thị tổng học phí, đã đóng, còn lại, hạn đóng","location":null,"status":"passed","title":"TC_TUI_01: vào \"Học phí\" chọn HK1 2024-2025 → hiển thị tổng học phí, đã đóng, còn lại, hạn đóng"},{"ancestorTitles":["FG04 – Tuition Fee Tracking"],"failureMessages":[],"fullName":"FG04 – Tuition Fee Tracking TC_TUI_02: tab \"Lịch sử thanh toán\" → hiển thị ngày đóng, số tiền, phương thức, mã giao dịch","location":null,"status":"pending","title":"TC_TUI_02: tab \"Lịch sử thanh toán\" → hiển thị ngày đóng, số tiền, phương thức, mã giao dịch"},{"ancestorTitles":["FG04 – Tuition Fee Tracking"],"failureMessages":[],"fullName":"FG04 – Tuition Fee Tracking TC_TUI_03: chọn HK2 2023-2024 đã đóng đủ → hiển thị \"Công nợ: 0 đồng\" hoặc badge \"Đã thanh toán đủ\"","location":null,"status":"passed","title":"TC_TUI_03: chọn HK2 2023-2024 đã đóng đủ → hiển thị \"Công nợ: 0 đồng\" hoặc badge \"Đã thanh toán đủ\""},{"ancestorTitles":["FG04 – Tuition Fee Tracking"],"failureMessages":[],"fullName":"FG04 – Tuition Fee Tracking TC_TUI_04: HK1 2024-2025 còn 3,500,000đ công nợ → hiển thị số tiền + badge \"Còn công nợ\"","location":null,"status":"passed","title":"TC_TUI_04: HK1 2024-2025 còn 3,500,000đ công nợ → hiển thị số tiền + badge \"Còn công nợ\""},{"ancestorTitles":["FG04 – Tuition Fee Tracking"],"failureMessages":[],"fullName":"FG04 – Tuition Fee Tracking TC_TUI_05: tab \"Học bổng & Miễn giảm\" → hiển thị loại học bổng, giá trị, ngày cấp","location":null,"status":"passed","title":"TC_TUI_05: tab \"Học bổng & Miễn giảm\" → hiển thị loại học bổng, giá trị, ngày cấp"},{"ancestorTitles":["FG04 – Tuition Fee Tracking"],"failureMessages":[],"fullName":"FG04 – Tuition Fee Tracking TC_TUI_06: Học phí 10M, Học bổng 5M → cần đóng thêm = 5,000,000đ","location":null,"status":"passed","title":"TC_TUI_06: Học phí 10M, Học bổng 5M → cần đóng thêm = 5,000,000đ"},{"ancestorTitles":["FG04 – Tuition Fee Tracking"],"failureMessages":[],"fullName":"FG04 – Tuition Fee Tracking TC_TUI_07: \"Toàn bộ lịch sử\" học bổng → API trả danh sách sắp xếp mới nhất trước","location":null,"status":"passed","title":"TC_TUI_07: \"Toàn bộ lịch sử\" học bổng → API trả danh sách sắp xếp mới nhất trước"},{"ancestorTitles":["FG04 – Tuition Fee Tracking"],"failureMessages":[],"fullName":"FG04 – Tuition Fee Tracking TC_TUI_08: chọn HK chưa có thông báo học phí → API trả null → hiển thị \"Chưa được cập nhật\"","location":null,"status":"passed","title":"TC_TUI_08: chọn HK chưa có thông báo học phí → API trả null → hiển thị \"Chưa được cập nhật\""},{"ancestorTitles":["FG04 – Tuition Fee Tracking"],"failureMessages":[],"fullName":"FG04 – Tuition Fee Tracking TC_TUI_09: số tiền 12500000 → hiển thị định dạng \"12,500,000\" (có dấu phân cách hàng nghìn)","location":null,"status":"passed","title":"TC_TUI_09: số tiền 12500000 → hiển thị định dạng \"12,500,000\" (có dấu phân cách hàng nghìn)"},{"ancestorTitles":["FG04 – Tuition Fee Tracking"],"failureMessages":[],"fullName":"FG04 – Tuition Fee Tracking TC_TUI_10: nhấn \"Tải hóa đơn\" cho TXN-2024-00123 → API gọi endpoint download","location":null,"status":"passed","title":"TC_TUI_10: nhấn \"Tải hóa đơn\" cho TXN-2024-00123 → API gọi endpoint download"},{"ancestorTitles":["FG04 – Tuition Fee Tracking"],"failureMessages":[],"fullName":"FG04 – Tuition Fee Tracking TC_TUI_11: đóng 5,000,000đ → công nợ giảm đúng, lịch sử cập nhật giao dịch mới","location":null,"status":"passed","title":"TC_TUI_11: đóng 5,000,000đ → công nợ giảm đúng, lịch sử cập nhật giao dịch mới"},{"ancestorTitles":["FG04 – Tuition Fee Tracking"],"failureMessages":[],"fullName":"FG04 – Tuition Fee Tracking TC_TUI_12: học bổng 100% → học phí = 0đ, \"Miễn học phí 100%\" hiển thị","location":null,"status":"passed","title":"TC_TUI_12: học bổng 100% → học phí = 0đ, \"Miễn học phí 100%\" hiển thị"},{"ancestorTitles":["FG04 – Tuition Fee Tracking"],"failureMessages":[],"fullName":"FG04 – Tuition Fee Tracking TC_TUI_13: Học bổng A: 2M + Học bổng B: 1.5M → tổng 3.5M, không vượt học phí gốc","location":null,"status":"passed","title":"TC_TUI_13: Học bổng A: 2M + Học bổng B: 1.5M → tổng 3.5M, không vượt học phí gốc"},{"ancestorTitles":["FG04 – Tuition Fee Tracking"],"failureMessages":[],"fullName":"FG04 – Tuition Fee Tracking TC_TUI_14: hạn đóng học phí đã qua → isPaymentOverdue = true → cảnh báo \"Quá hạn!\"","location":null,"status":"passed","title":"TC_TUI_14: hạn đóng học phí đã qua → isPaymentOverdue = true → cảnh báo \"Quá hạn!\""},{"ancestorTitles":["FG04 – Tuition Fee Tracking"],"failureMessages":[],"fullName":"FG04 – Tuition Fee Tracking TC_TUI_15: lọc từ 01/09/2024 đến 31/01/2025 → chỉ hiển thị giao dịch trong khoảng đó","location":null,"status":"passed","title":"TC_TUI_15: lọc từ 01/09/2024 đến 31/01/2025 → chỉ hiển thị giao dịch trong khoảng đó"},{"ancestorTitles":["FG04 – Tuition Fee Tracking"],"failureMessages":[],"fullName":"FG04 – Tuition Fee Tracking TC_TUI_16: xem \"Tổng kết toàn khóa\" → API trả tổng học phí đã đóng từ đầu khóa","location":null,"status":"passed","title":"TC_TUI_16: xem \"Tổng kết toàn khóa\" → API trả tổng học phí đã đóng từ đầu khóa"}],"endTime":1785669649249,"message":"","name":"D:\\NMCNPM\\MyUS\\Software-Engineering---Group-6\\src\\frontend\\src\\tests\\fg04-academic-financial\\tuition-fee-tracking\\TuitionTracking.test.tsx","startTime":1785669647534,"status":"passed","summary":""},{"assertionResults":[{"ancestorTitles":["FG04 – Grade Viewing & GPA"],"failureMessages":[],"fullName":"FG04 – Grade Viewing & GPA TC_GRADE_01: vào \"Kết quả học tập\", chọn HK1 2024-2025 → hiển thị danh sách môn, điểm, xếp loại","location":null,"status":"passed","title":"TC_GRADE_01: vào \"Kết quả học tập\", chọn HK1 2024-2025 → hiển thị danh sách môn, điểm, xếp loại"},{"ancestorTitles":["FG04 – Grade Viewing & GPA"],"failureMessages":[],"fullName":"FG04 – Grade Viewing & GPA TC_GRADE_02: chọn HK2 2023-2024 từ dropdown → hiển thị đúng bảng điểm HK đó","location":null,"status":"passed","title":"TC_GRADE_02: chọn HK2 2023-2024 từ dropdown → hiển thị đúng bảng điểm HK đó"},{"ancestorTitles":["FG04 – Grade Viewing & GPA"],"failureMessages":[],"fullName":"FG04 – Grade Viewing & GPA TC_GRADE_03: xem GPA học kỳ HK1 2024-2025 → tính đúng theo điểm và số tín chỉ","location":null,"status":"passed","title":"TC_GRADE_03: xem GPA học kỳ HK1 2024-2025 → tính đúng theo điểm và số tín chỉ"},{"ancestorTitles":["FG04 – Grade Viewing & GPA"],"failureMessages":[],"fullName":"FG04 – Grade Viewing & GPA TC_GRADE_04: xem CPA tích lũy từ tất cả HK → hiển thị đúng tổng CPA cộng dồn","location":null,"status":"passed","title":"TC_GRADE_04: xem CPA tích lũy từ tất cả HK → hiển thị đúng tổng CPA cộng dồn"},{"ancestorTitles":["FG04 – Grade Viewing & GPA"],"failureMessages":[],"fullName":"FG04 – Grade Viewing & GPA TC_GRADE_05: HK có môn \"Giải tích\" điểm 3.5/10 (F) → GPA vẫn tính bao gồm điểm F, môn F được đánh dấu","location":null,"status":"passed","title":"TC_GRADE_05: HK có môn \"Giải tích\" điểm 3.5/10 (F) → GPA vẫn tính bao gồm điểm F, môn F được đánh dấu"},{"ancestorTitles":["FG04 – Grade Viewing & GPA"],"failureMessages":[],"fullName":"FG04 – Grade Viewing & GPA TC_GRADE_06: chọn \"HK2 2024-2025\" chưa có điểm → hiển thị \"Điểm học kỳ này chưa được công bố\"","location":null,"status":"passed","title":"TC_GRADE_06: chọn \"HK2 2024-2025\" chưa có điểm → hiển thị \"Điểm học kỳ này chưa được công bố\""},{"ancestorTitles":["FG04 – Grade Viewing & GPA"],"failureMessages":[],"fullName":"FG04 – Grade Viewing & GPA TC_GRADE_07: chọn HK không có môn đăng ký → hiển thị \"Không có dữ liệu môn học\"","location":null,"status":"passed","title":"TC_GRADE_07: chọn HK không có môn đăng ký → hiển thị \"Không có dữ liệu môn học\""},{"ancestorTitles":["FG04 – Grade Viewing & GPA"],"failureMessages":[],"fullName":"FG04 – Grade Viewing & GPA TC_GRADE_08: Môn A: 8.5/3TC, Môn B: 7.0/2TC, Môn C: 9.0/3TC → GPA = 8.375","location":null,"status":"passed","title":"TC_GRADE_08: Môn A: 8.5/3TC, Môn B: 7.0/2TC, Môn C: 9.0/3TC → GPA = 8.375"},{"ancestorTitles":["FG04 – Grade Viewing & GPA"],"failureMessages":[],"fullName":"FG04 – Grade Viewing & GPA TC_GRADE_09: xem thang điểm 4.0 → GPA × 0.4 (A=4.0, B+=3.5, B=3.0...)","location":null,"status":"passed","title":"TC_GRADE_09: xem thang điểm 4.0 → GPA × 0.4 (A=4.0, B+=3.5, B=3.0...)"},{"ancestorTitles":["FG04 – Grade Viewing & GPA"],"failureMessages":[],"fullName":"FG04 – Grade Viewing & GPA TC_GRADE_10: CPA ≥ 3.6/4.0 → xếp loại hiển thị \"Xuất sắc\"","location":null,"status":"pending","title":"TC_GRADE_10: CPA ≥ 3.6/4.0 → xếp loại hiển thị \"Xuất sắc\""},{"ancestorTitles":["FG04 – Grade Viewing & GPA"],"failureMessages":[],"fullName":"FG04 – Grade Viewing & GPA TC_GRADE_11: môn \"Lập trình OOP\" điểm cập nhật 8.0 (từ 6.5) → hiển thị điểm mới, GPA tính lại","location":null,"status":"pending","title":"TC_GRADE_11: môn \"Lập trình OOP\" điểm cập nhật 8.0 (từ 6.5) → hiển thị điểm mới, GPA tính lại"},{"ancestorTitles":["FG04 – Grade Viewing & GPA"],"failureMessages":[],"fullName":"FG04 – Grade Viewing & GPA TC_GRADE_12: tất cả môn đạt 10/10 → GPA = 4.0, không vượt quá 4.0","location":null,"status":"passed","title":"TC_GRADE_12: tất cả môn đạt 10/10 → GPA = 4.0, không vượt quá 4.0"},{"ancestorTitles":["FG04 – Grade Viewing & GPA"],"failureMessages":[],"fullName":"FG04 – Grade Viewing & GPA TC_GRADE_13: tất cả môn rớt (<4/10) → GPA ≈ 0, cảnh báo học lực yếu","location":null,"status":"passed","title":"TC_GRADE_13: tất cả môn rớt (<4/10) → GPA ≈ 0, cảnh báo học lực yếu"},{"ancestorTitles":["FG04 – Grade Viewing & GPA"],"failureMessages":[],"fullName":"FG04 – Grade Viewing & GPA TC_GRADE_14: nút \"Tải bảng điểm\" hiển thị khi có điểm → tính năng download pending implementation","location":null,"status":"passed","title":"TC_GRADE_14: nút \"Tải bảng điểm\" hiển thị khi có điểm → tính năng download pending implementation"},{"ancestorTitles":["FG04 – Grade Viewing & GPA"],"failureMessages":[],"fullName":"FG04 – Grade Viewing & GPA TC_GRADE_15: môn \"Giải tích\" học lại lần 2 → 2 hàng riêng biệt, GPA dùng điểm cao nhất","location":null,"status":"pending","title":"TC_GRADE_15: môn \"Giải tích\" học lại lần 2 → 2 hàng riêng biệt, GPA dùng điểm cao nhất"}],"endTime":1785669649544,"message":"","name":"D:\\NMCNPM\\MyUS\\Software-Engineering---Group-6\\src\\frontend\\src\\tests\\fg04-academic-financial\\grade-viewing-gpa\\GradeViewing.test.tsx","startTime":1785669647528,"status":"passed","summary":""},{"assertionResults":[],"coverage":{},"endTime":1785669651448,"message":"  ● Test suite failed to run\n\n    Jest encountered an unexpected token\n\n    Jest failed to parse a file. This happens e.g. when your code or its dependencies use non-standard JavaScript syntax, or when Jest is not configured to support such syntax.\n\n    Out of the box Jest supports Babel, which will be used to transform your files into valid JS based on your Babel configuration.\n\n    By default \"node_modules\" folder is ignored by transformers.\n\n    Here's what you can do:\n     • If you are trying to use ECMAScript Modules, see https://jestjs.io/docs/ecmascript-modules for how to enable it.\n     • If you are trying to use TypeScript, see https://jestjs.io/docs/getting-started#using-typescript\n     • To have some of your \"node_modules\" files transformed, you can specify a custom \"transformIgnorePatterns\" in your config.\n     • If you need a custom transformation specify a \"transform\" option in your config.\n     • If you simply want to mock your non-JS modules (e.g. binary assets) you can stub them out with the \"moduleNameMapper\" config option.\n\n    You'll find more details and examples of these config options in the docs:\n    https://jestjs.io/docs/configuration\n    For information about custom transformations, see:\n    https://jestjs.io/docs/code-transformation\n\n    Details:\n\n    SyntaxError: D:\\NMCNPM\\MyUS\\Software-Engineering---Group-6\\src\\frontend\\src\\pages\\timetable\\TimetablePage.tsx: Unexpected reserved word 'await'. (58:20)\n\n    \u001b[0m \u001b[90m 56 |\u001b[39m\n     \u001b[90m 57 |\u001b[39m         \u001b[36mconst\u001b[39m mappedSchedule\u001b[33m:\u001b[39m \u001b[33mTimetableItem\u001b[39m[] \u001b[33m=\u001b[39m rawData\u001b[33m.\u001b[39mmap((item\u001b[33m:\u001b[39m any\u001b[33m,\u001b[39m index\u001b[33m:\u001b[39m number) \u001b[33m=>\u001b[39m {\n    \u001b[31m\u001b[1m>\u001b[22m\u001b[39m\u001b[90m 58 |\u001b[39m         \u001b[36mconst\u001b[39m res \u001b[33m=\u001b[39m \u001b[36mawait\u001b[39m api\u001b[33m.\u001b[39m\u001b[36mget\u001b[39m\u001b[33m<\u001b[39m\u001b[33many\u001b[39m[]\u001b[33m>\u001b[39m(\u001b[32m'/api/registrations/me'\u001b[39m)\u001b[33m;\u001b[39m\n     \u001b[90m    |\u001b[39m                     \u001b[31m\u001b[1m^\u001b[22m\u001b[39m\n     \u001b[90m 59 |\u001b[39m\n     \u001b[90m 60 |\u001b[39m         console\u001b[33m.\u001b[39mlog(\u001b[32m' Dữ liệu thô từ Backend:'\u001b[39m\u001b[33m,\u001b[39m res)\u001b[33m;\u001b[39m\n     \u001b[90m 61 |\u001b[39m\u001b[0m\n\n      at toParseError (node_modules/@babel/parser/src/parse-error.ts:95:45)\n      at TypeScriptParserMixin.raise (node_modules/@babel/parser/src/tokenizer/index.ts:1504:19)\n      at TypeScriptParserMixin.checkReservedWord (node_modules/@babel/parser/src/parser/expression.ts:2891:12)\n      at TypeScriptParserMixin.checkReservedWord (node_modules/@babel/parser/src/plugins/typescript/index.ts:2884:15)\n      at TypeScriptParserMixin.parseIdentifierName (node_modules/@babel/parser/src/parser/expression.ts:2853:12)\n      at TypeScriptParserMixin.parseIdentifier (node_modules/@babel/parser/src/parser/expression.ts:2810:23)\n      at TypeScriptParserMixin.parseExprAtom (node_modules/@babel/parser/src/parser/expression.ts:1304:27)\n      at TypeScriptParserMixin.parseExprAtom (node_modules/@babel/parser/src/plugins/jsx/index.ts:583:22)\n      at TypeScriptParserMixin.parseExprSubscripts (node_modules/@babel/parser/src/parser/expression.ts:742:23)\n      at TypeScriptParserMixin.parseUpdate (node_modules/@babel/parser/src/parser/expression.ts:721:21)\n      at TypeScriptParserMixin.parseMaybeUnary (node_modules/@babel/parser/src/parser/expression.ts:683:23)\n      at TypeScriptParserMixin.parseMaybeUnary (node_modules/@babel/parser/src/plugins/typescript/index.ts:3893:20)\n      at TypeScriptParserMixin.parseMaybeUnaryOrPrivate (node_modules/@babel/parser/src/parser/expression.ts:417:14)\n      at TypeScriptParserMixin.parseExprOps (node_modules/@babel/parser/src/parser/expression.ts:429:23)\n      at TypeScriptParserMixin.parseMaybeConditional (node_modules/@babel/parser/src/parser/expression.ts:384:23)\n      at TypeScriptParserMixin.parseMaybeAssign (node_modules/@babel/parser/src/parser/expression.ts:301:21)\n      at TypeScriptParserMixin.parseMaybeAssign (node_modules/@babel/parser/src/plugins/typescript/index.ts:3764:22)\n      at callback (node_modules/@babel/parser/src/parser/expression.ts:257:12)\n      at TypeScriptParserMixin.allowInAnd (node_modules/@babel/parser/src/parser/expression.ts:3192:16)\n      at TypeScriptParserMixin.parseMaybeAssignAllowIn (node_modules/@babel/parser/src/parser/expression.ts:256:17)\n      at TypeScriptParserMixin.parseVar (node_modules/@babel/parser/src/parser/statement.ts:1587:18)\n      at TypeScriptParserMixin.parseVarStatement (node_modules/@babel/parser/src/parser/statement.ts:1251:10)\n      at TypeScriptParserMixin.parseVarStatement (node_modules/@babel/parser/src/plugins/typescript/index.ts:3085:33)\n      at TypeScriptParserMixin.parseStatementContent (node_modules/@babel/parser/src/parser/statement.ts:612:21)\n      at TypeScriptParserMixin.parseStatementContent (node_modules/@babel/parser/src/plugins/typescript/index.ts:3220:20)\n      at TypeScriptParserMixin.parseStatementLike (node_modules/@babel/parser/src/parser/statement.ts:482:17)\n      at TypeScriptParserMixin.parseStatementListItem (node_modules/@babel/parser/src/parser/statement.ts:431:17)\n      at TypeScriptParserMixin.parseBlockOrModuleBlockBody (node_modules/@babel/parser/src/parser/statement.ts:1444:16)\n      at TypeScriptParserMixin.parseBlockBody (node_modules/@babel/parser/src/parser/statement.ts:1417:10)\n      at TypeScriptParserMixin.parseBlock (node_modules/@babel/parser/src/parser/statement.ts:1385:10)\n      at TypeScriptParserMixin.parseFunctionBody (node_modules/@babel/parser/src/parser/expression.ts:2621:24)\n      at TypeScriptParserMixin.parseArrowExpression (node_modules/@babel/parser/src/parser/expression.ts:2562:10)\n      at TypeScriptParserMixin.parseParenAndDistinguishExpression (node_modules/@babel/parser/src/parser/expression.ts:1850:12)\n      at TypeScriptParserMixin.parseExprAtom (node_modules/@babel/parser/src/parser/expression.ts:1170:21)\n      at TypeScriptParserMixin.parseExprAtom (node_modules/@babel/parser/src/plugins/jsx/index.ts:583:22)\n      at TypeScriptParserMixin.parseExprSubscripts (node_modules/@babel/parser/src/parser/expression.ts:742:23)\n      at TypeScriptParserMixin.parseUpdate (node_modules/@babel/parser/src/parser/expression.ts:721:21)\n      at TypeScriptParserMixin.parseMaybeUnary (node_modules/@babel/parser/src/parser/expression.ts:683:23)\n      at TypeScriptParserMixin.parseMaybeUnary (node_modules/@babel/parser/src/plugins/typescript/index.ts:3893:20)\n      at TypeScriptParserMixin.parseMaybeUnaryOrPrivate (node_modules/@babel/parser/src/parser/expression.ts:417:14)\n      at TypeScriptParserMixin.parseExprOps (node_modules/@babel/parser/src/parser/expression.ts:429:23)\n      at TypeScriptParserMixin.parseMaybeConditional (node_modules/@babel/parser/src/parser/expression.ts:384:23)\n      at TypeScriptParserMixin.parseMaybeAssign (node_modules/@babel/parser/src/parser/expression.ts:301:21)\n      at TypeScriptParserMixin.parseMaybeAssign (node_modules/@babel/parser/src/plugins/typescript/index.ts:3764:22)\n      at callback (node_modules/@babel/parser/src/parser/expression.ts:257:12)\n      at TypeScriptParserMixin.allowInAnd (node_modules/@babel/parser/src/parser/expression.ts:3197:12)\n      at TypeScriptParserMixin.parseMaybeAssignAllowIn (node_modules/@babel/parser/src/parser/expression.ts:256:17)\n      at TypeScriptParserMixin.parseMaybeAssignAllowInOrVoidPattern (node_modules/@babel/parser/src/parser/expression.ts:3311:17)\n      at TypeScriptParserMixin.parseExprListItem (node_modules/@babel/parser/src/parser/expression.ts:2793:18)\n      at TypeScriptParserMixin.parseCallExpressionArguments (node_modules/@babel/parser/src/parser/expression.ts:1042:14)\n","name":"D:\\NMCNPM\\MyUS\\Software-Engineering---Group-6\\src\\frontend\\src\\tests\\fg04-academic-financial\\timetable-exam-schedule\\Timetable.test.tsx","startTime":1785669651448,"status":"failed","summary":""},{"assertionResults":[{"ancestorTitles":["FG06 – Centralized FAQ Access"],"failureMessages":[],"fullName":"FG06 – Centralized FAQ Access TC_FAQ_01: nhập \"phúc khảo\" → hiển thị danh sách FAQ liên quan, sắp xếp theo độ liên quan","location":null,"status":"passed","title":"TC_FAQ_01: nhập \"phúc khảo\" → hiển thị danh sách FAQ liên quan, sắp xếp theo độ liên quan"},{"ancestorTitles":["FG06 – Centralized FAQ Access"],"failureMessages":[],"fullName":"FG06 – Centralized FAQ Access TC_FAQ_02: nhập \"học phí\" → hiển thị nhiều FAQ liên quan, có số lượng kết quả","location":null,"status":"passed","title":"TC_FAQ_02: nhập \"học phí\" → hiển thị nhiều FAQ liên quan, có số lượng kết quả"},{"ancestorTitles":["FG06 – Centralized FAQ Access"],"failureMessages":[],"fullName":"FG06 – Centralized FAQ Access TC_FAQ_03: nhập từ khóa rất cụ thể \"mã giao dịch ngân hàng VietinBank\" → đúng 1 FAQ trả về","location":null,"status":"passed","title":"TC_FAQ_03: nhập từ khóa rất cụ thể \"mã giao dịch ngân hàng VietinBank\" → đúng 1 FAQ trả về"},{"ancestorTitles":["FG06 – Centralized FAQ Access"],"failureMessages":[],"fullName":"FG06 – Centralized FAQ Access TC_FAQ_04: nhập \"xyz_khong_ton_tai_abc\" → hiển thị \"Không tìm thấy kết quả nào\"","location":null,"status":"passed","title":"TC_FAQ_04: nhập \"xyz_khong_ton_tai_abc\" → hiển thị \"Không tìm thấy kết quả nào\""},{"ancestorTitles":["FG06 – Centralized FAQ Access"],"failureMessages":[],"fullName":"FG06 – Centralized FAQ Access TC_FAQ_05: để trống ô tìm kiếm → hiển thị toàn bộ FAQ hoặc thông báo nhập từ khóa","location":null,"status":"passed","title":"TC_FAQ_05: để trống ô tìm kiếm → hiển thị toàn bộ FAQ hoặc thông báo nhập từ khóa"}],"endTime":1785669650262,"message":"","name":"D:\\NMCNPM\\MyUS\\Software-Engineering---Group-6\\src\\frontend\\src\\tests\\fg06-support-faq\\centralized-faq-access\\FAQAccess.test.tsx","startTime":1785669647549,"status":"passed","summary":""},{"assertionResults":[{"ancestorTitles":["FG01 – Student Profile Update"],"failureMessages":[],"fullName":"FG01 – Student Profile Update TC_PROF_01: cập nhật SĐT hợp lệ 0912345678 → thông báo thành công & lưu vào CSDL","location":null,"status":"passed","title":"TC_PROF_01: cập nhật SĐT hợp lệ 0912345678 → thông báo thành công & lưu vào CSDL"},{"ancestorTitles":["FG01 – Student Profile Update"],"failureMessages":[],"fullName":"FG01 – Student Profile Update TC_PROF_02: email được hiển thị đúng nhưng là trường read-only không thể chỉnh sửa","location":null,"status":"passed","title":"TC_PROF_02: email được hiển thị đúng nhưng là trường read-only không thể chỉnh sửa"},{"ancestorTitles":["FG01 – Student Profile Update"],"failureMessages":[],"fullName":"FG01 – Student Profile Update TC_PROF_03: cập nhật địa chỉ thường trú \"123 Lê Lợi, Quận 1, TP.HCM\" → lưu thành công","location":null,"status":"passed","title":"TC_PROF_03: cập nhật địa chỉ thường trú \"123 Lê Lợi, Quận 1, TP.HCM\" → lưu thành công"},{"ancestorTitles":["FG01 – Student Profile Update"],"failureMessages":[],"fullName":"FG01 – Student Profile Update TC_PROF_04: trường liên hệ khẩn cấp chưa được implement trong form hiện tại","location":null,"status":"passed","title":"TC_PROF_04: trường liên hệ khẩn cấp chưa được implement trong form hiện tại"},{"ancestorTitles":["FG01 – Student Profile Update"],"failureMessages":[],"fullName":"FG01 – Student Profile Update TC_PROF_05: nhập SĐT \"09abc12345\" → hệ thống báo lỗi không hợp lệ, KHÔNG lưu","location":null,"status":"pending","title":"TC_PROF_05: nhập SĐT \"09abc12345\" → hệ thống báo lỗi không hợp lệ, KHÔNG lưu"},{"ancestorTitles":["FG01 – Student Profile Update"],"failureMessages":[],"fullName":"FG01 – Student Profile Update TC_PROF_06: nhập SĐT \"09123\" (5 số) → báo lỗi \"phải có 10 chữ số\", KHÔNG lưu","location":null,"status":"pending","title":"TC_PROF_06: nhập SĐT \"09123\" (5 số) → báo lỗi \"phải có 10 chữ số\", KHÔNG lưu"},{"ancestorTitles":["FG01 – Student Profile Update"],"failureMessages":[],"fullName":"FG01 – Student Profile Update TC_PROF_07: email read-only → không có input để nhập \"nguyenvangmail.com\"","location":null,"status":"passed","title":"TC_PROF_07: email read-only → không có input để nhập \"nguyenvangmail.com\""},{"ancestorTitles":["FG01 – Student Profile Update"],"failureMessages":[],"fullName":"FG01 – Student Profile Update TC_PROF_08: email read-only → trường hợp \"nguyenvan@\" không áp dụng (email không editable)","location":null,"status":"passed","title":"TC_PROF_08: email read-only → trường hợp \"nguyenvan@\" không áp dụng (email không editable)"},{"ancestorTitles":["FG01 – Student Profile Update"],"failureMessages":[],"fullName":"FG01 – Student Profile Update TC_PROF_09: email hiện tại luôn có giá trị, không bị xóa khi save (read-only)","location":null,"status":"passed","title":"TC_PROF_09: email hiện tại luôn có giá trị, không bị xóa khi save (read-only)"},{"ancestorTitles":["FG01 – Student Profile Update"],"failureMessages":[],"fullName":"FG01 – Student Profile Update TC_PROF_10: bỏ trống SĐT → form không cho submit hoặc hiện lỗi \"không được để trống\"","location":null,"status":"pending","title":"TC_PROF_10: bỏ trống SĐT → form không cho submit hoặc hiện lỗi \"không được để trống\""},{"ancestorTitles":["FG01 – Student Profile Update"],"failureMessages":[],"fullName":"FG01 – Student Profile Update TC_PROF_11: trường liên hệ khẩn cấp chưa có → TC pending implementation","location":null,"status":"passed","title":"TC_PROF_11: trường liên hệ khẩn cấp chưa có → TC pending implementation"},{"ancestorTitles":["FG01 – Student Profile Update"],"failureMessages":[],"fullName":"FG01 – Student Profile Update TC_PROF_12: nhập SĐT đúng 10 số \"0123456789\" → hệ thống chấp nhận và lưu thành công","location":null,"status":"passed","title":"TC_PROF_12: nhập SĐT đúng 10 số \"0123456789\" → hệ thống chấp nhận và lưu thành công"},{"ancestorTitles":["FG01 – Student Profile Update"],"failureMessages":[],"fullName":"FG01 – Student Profile Update TC_PROF_13: nhập SĐT 11 số \"01234567891\" → hệ thống từ chối hoặc cắt bớt","location":null,"status":"pending","title":"TC_PROF_13: nhập SĐT 11 số \"01234567891\" → hệ thống từ chối hoặc cắt bớt"},{"ancestorTitles":["FG01 – Student Profile Update"],"failureMessages":[],"fullName":"FG01 – Student Profile Update TC_PROF_14: email read-only → boundary 255 ký tự không áp dụng ở frontend form","location":null,"status":"passed","title":"TC_PROF_14: email read-only → boundary 255 ký tự không áp dụng ở frontend form"},{"ancestorTitles":["FG01 – Student Profile Update"],"failureMessages":[],"fullName":"FG01 – Student Profile Update TC_PROF_15: email read-only → boundary >255 ký tự không áp dụng ở frontend form","location":null,"status":"passed","title":"TC_PROF_15: email read-only → boundary >255 ký tự không áp dụng ở frontend form"},{"ancestorTitles":["FG01 – Student Profile Update"],"failureMessages":[],"fullName":"FG01 – Student Profile Update TC_PROF_16: nhập địa chỉ \"P.10, Q.Bình Thạnh – TP.HCM\" → hệ thống chấp nhận ký tự đặc biệt","location":null,"status":"passed","title":"TC_PROF_16: nhập địa chỉ \"P.10, Q.Bình Thạnh – TP.HCM\" → hệ thống chấp nhận ký tự đặc biệt"},{"ancestorTitles":["FG01 – Student Profile Update"],"failureMessages":[],"fullName":"FG01 – Student Profile Update TC_PROF_17: cập nhật SĐT \"0911223344\" + địa chỉ \"456 Nguyễn Trãi\" cùng lúc → tất cả lưu thành công","location":null,"status":"passed","title":"TC_PROF_17: cập nhật SĐT \"0911223344\" + địa chỉ \"456 Nguyễn Trãi\" cùng lúc → tất cả lưu thành công"},{"ancestorTitles":["FG01 – Student Profile Update"],"failureMessages":[],"fullName":"FG01 – Student Profile Update TC_PROF_18: nhập thông tin mới rồi nhấn Hủy → hệ thống KHÔNG lưu, khôi phục dữ liệu cũ","location":null,"status":"passed","title":"TC_PROF_18: nhập thông tin mới rồi nhấn Hủy → hệ thống KHÔNG lưu, khôi phục dữ liệu cũ"}],"endTime":1785669651340,"message":"","name":"D:\\NMCNPM\\MyUS\\Software-Engineering---Group-6\\src\\frontend\\src\\tests\\fg01-profile-management\\student-profile-update\\StudentProfileUpdate.test.tsx","startTime":1785669647509,"status":"passed","summary":""}],"wasInterrupted":false}